<?xml version="1.0" encoding="UTF-8"?>
<!-- Generated by org.testng.reporters.JUnitReportReporter -->
<testsuite hostname="QSP" failures="0" tests="1" name="scripts.Testcase1" time="12.497" errors="0" timestamp="2022-04-21T07:21:00 IST" skipped="0">
  <testcase classname="scripts.Testcase1" name="tc1" time="12.497"/>
</testsuite> <!-- scripts.Testcase1 -->
