<?xml version="1.0" encoding="UTF-8"?>
<!-- Generated by org.testng.reporters.JUnitReportReporter -->
<testsuite hostname="QSP" failures="0" tests="1" name="scripts.Testacse3" time="31.705" errors="0" timestamp="2022-04-21T07:21:00 IST" skipped="0">
  <testcase classname="scripts.Testacse3" name="tc3" time="31.705"/>
</testsuite> <!-- scripts.Testacse3 -->
